<?xml version="1.0" encoding="UTF-8"?>
<!-- Generated by org.testng.reporters.JUnitReportReporter -->
<testsuite hostname="LAPTOP-8C0MNRJE" failures="0" tests="1" name="pkg.FirefoxTest" time="45.259" errors="0" timestamp="2024-03-27T15:20:22 IST" skipped="0">
  <testcase classname="pkg.FirefoxTest" name="test" time="45.259"/>
</testsuite> <!-- pkg.FirefoxTest -->
