<?xml version="1.0" encoding="UTF-8"?>
<!-- Generated by org.testng.reporters.JUnitReportReporter -->
<testsuite hostname="LAPTOP-8C0MNRJE" failures="0" tests="1" name="pkg.EdgeTest" time="28.558" errors="0" timestamp="2024-03-27T15:20:22 IST" skipped="0">
  <testcase classname="pkg.EdgeTest" name="test" time="28.558"/>
</testsuite> <!-- pkg.EdgeTest -->
